

Started GET "/" for 127.0.0.1 at 2014-09-11 20:05:11 -0400

ActiveRecord::NoDatabaseError (FATAL:  database "dailyexcuse_development" does not exist
Run `$ bin/rake db:create db:migrate` to create your database):
  activerecord (4.1.6) lib/active_record/connection_adapters/postgresql_adapter.rb:898:in `rescue in connect'
  activerecord (4.1.6) lib/active_record/connection_adapters/postgresql_adapter.rb:888:in `connect'
  activerecord (4.1.6) lib/active_record/connection_adapters/postgresql_adapter.rb:568:in `initialize'
  activerecord (4.1.6) lib/active_record/connection_adapters/postgresql_adapter.rb:41:in `new'
  activerecord (4.1.6) lib/active_record/connection_adapters/postgresql_adapter.rb:41:in `postgresql_connection'
  activerecord (4.1.6) lib/active_record/connection_adapters/abstract/connection_pool.rb:435:in `new_connection'
  activerecord (4.1.6) lib/active_record/connection_adapters/abstract/connection_pool.rb:445:in `checkout_new_connection'
  activerecord (4.1.6) lib/active_record/connection_adapters/abstract/connection_pool.rb:416:in `acquire_connection'
  activerecord (4.1.6) lib/active_record/connection_adapters/abstract/connection_pool.rb:351:in `block in checkout'
  /Users/nathanielelliott/.rvm/rubies/ruby-2.1.1/lib/ruby/2.1.0/monitor.rb:211:in `mon_synchronize'
  activerecord (4.1.6) lib/active_record/connection_adapters/abstract/connection_pool.rb:350:in `checkout'
  activerecord (4.1.6) lib/active_record/connection_adapters/abstract/connection_pool.rb:265:in `block in connection'
  /Users/nathanielelliott/.rvm/rubies/ruby-2.1.1/lib/ruby/2.1.0/monitor.rb:211:in `mon_synchronize'
  activerecord (4.1.6) lib/active_record/connection_adapters/abstract/connection_pool.rb:264:in `connection'
  activerecord (4.1.6) lib/active_record/connection_adapters/abstract/connection_pool.rb:541:in `retrieve_connection'
  activerecord (4.1.6) lib/active_record/connection_handling.rb:113:in `retrieve_connection'
  activerecord (4.1.6) lib/active_record/connection_handling.rb:87:in `connection'
  activerecord (4.1.6) lib/active_record/query_cache.rb:51:in `restore_query_cache_settings'
  activerecord (4.1.6) lib/active_record/query_cache.rb:43:in `rescue in call'
  activerecord (4.1.6) lib/active_record/query_cache.rb:32:in `call'
  activerecord (4.1.6) lib/active_record/connection_adapters/abstract/connection_pool.rb:621:in `call'
  activerecord (4.1.6) lib/active_record/migration.rb:380:in `call'
  actionpack (4.1.6) lib/action_dispatch/middleware/callbacks.rb:29:in `block in call'
  activesupport (4.1.6) lib/active_support/callbacks.rb:82:in `run_callbacks'
  actionpack (4.1.6) lib/action_dispatch/middleware/callbacks.rb:27:in `call'
  actionpack (4.1.6) lib/action_dispatch/middleware/reloader.rb:73:in `call'
  actionpack (4.1.6) lib/action_dispatch/middleware/remote_ip.rb:76:in `call'
  actionpack (4.1.6) lib/action_dispatch/middleware/debug_exceptions.rb:17:in `call'
  actionpack (4.1.6) lib/action_dispatch/middleware/show_exceptions.rb:30:in `call'
  railties (4.1.6) lib/rails/rack/logger.rb:38:in `call_app'
  railties (4.1.6) lib/rails/rack/logger.rb:20:in `block in call'
  activesupport (4.1.6) lib/active_support/tagged_logging.rb:68:in `block in tagged'
  activesupport (4.1.6) lib/active_support/tagged_logging.rb:26:in `tagged'
  activesupport (4.1.6) lib/active_support/tagged_logging.rb:68:in `tagged'
  railties (4.1.6) lib/rails/rack/logger.rb:20:in `call'
  actionpack (4.1.6) lib/action_dispatch/middleware/request_id.rb:21:in `call'
  rack (1.5.2) lib/rack/methodoverride.rb:21:in `call'
  rack (1.5.2) lib/rack/runtime.rb:17:in `call'
  activesupport (4.1.6) lib/active_support/cache/strategy/local_cache_middleware.rb:26:in `call'
  rack (1.5.2) lib/rack/lock.rb:17:in `call'
  actionpack (4.1.6) lib/action_dispatch/middleware/static.rb:64:in `call'
  rack (1.5.2) lib/rack/sendfile.rb:112:in `call'
  railties (4.1.6) lib/rails/engine.rb:514:in `call'
  railties (4.1.6) lib/rails/application.rb:144:in `call'
  rack (1.5.2) lib/rack/lock.rb:17:in `call'
  rack (1.5.2) lib/rack/content_length.rb:14:in `call'
  rack (1.5.2) lib/rack/handler/webrick.rb:60:in `service'
  /Users/nathanielelliott/.rvm/rubies/ruby-2.1.1/lib/ruby/2.1.0/webrick/httpserver.rb:138:in `service'
  /Users/nathanielelliott/.rvm/rubies/ruby-2.1.1/lib/ruby/2.1.0/webrick/httpserver.rb:94:in `run'
  /Users/nathanielelliott/.rvm/rubies/ruby-2.1.1/lib/ruby/2.1.0/webrick/server.rb:295:in `block in start_thread'


  Rendered /Users/nathanielelliott/.rvm/gems/ruby-2.1.1/gems/actionpack-4.1.6/lib/action_dispatch/middleware/templates/rescues/_source.erb (0.6ms)
  Rendered /Users/nathanielelliott/.rvm/gems/ruby-2.1.1/gems/actionpack-4.1.6/lib/action_dispatch/middleware/templates/rescues/_trace.html.erb (1.0ms)
  Rendered /Users/nathanielelliott/.rvm/gems/ruby-2.1.1/gems/actionpack-4.1.6/lib/action_dispatch/middleware/templates/rescues/_request_and_response.html.erb (1.2ms)
  Rendered /Users/nathanielelliott/.rvm/gems/ruby-2.1.1/gems/actionpack-4.1.6/lib/action_dispatch/middleware/templates/rescues/diagnostics.erb within rescues/layout (20.1ms)


Started GET "/" for 127.0.0.1 at 2014-09-11 20:08:00 -0400

ActiveRecord::NoDatabaseError (FATAL:  database "dailyexcuse_development" does not exist
Run `$ bin/rake db:create db:migrate` to create your database):
  activerecord (4.1.6) lib/active_record/connection_adapters/postgresql_adapter.rb:898:in `rescue in connect'
  activerecord (4.1.6) lib/active_record/connection_adapters/postgresql_adapter.rb:888:in `connect'
  activerecord (4.1.6) lib/active_record/connection_adapters/postgresql_adapter.rb:568:in `initialize'
  activerecord (4.1.6) lib/active_record/connection_adapters/postgresql_adapter.rb:41:in `new'
  activerecord (4.1.6) lib/active_record/connection_adapters/postgresql_adapter.rb:41:in `postgresql_connection'
  activerecord (4.1.6) lib/active_record/connection_adapters/abstract/connection_pool.rb:435:in `new_connection'
  activerecord (4.1.6) lib/active_record/connection_adapters/abstract/connection_pool.rb:445:in `checkout_new_connection'
  activerecord (4.1.6) lib/active_record/connection_adapters/abstract/connection_pool.rb:416:in `acquire_connection'
  activerecord (4.1.6) lib/active_record/connection_adapters/abstract/connection_pool.rb:351:in `block in checkout'
  /Users/nathanielelliott/.rvm/rubies/ruby-2.1.1/lib/ruby/2.1.0/monitor.rb:211:in `mon_synchronize'
  activerecord (4.1.6) lib/active_record/connection_adapters/abstract/connection_pool.rb:350:in `checkout'
  activerecord (4.1.6) lib/active_record/connection_adapters/abstract/connection_pool.rb:265:in `block in connection'
  /Users/nathanielelliott/.rvm/rubies/ruby-2.1.1/lib/ruby/2.1.0/monitor.rb:211:in `mon_synchronize'
  activerecord (4.1.6) lib/active_record/connection_adapters/abstract/connection_pool.rb:264:in `connection'
  activerecord (4.1.6) lib/active_record/connection_adapters/abstract/connection_pool.rb:541:in `retrieve_connection'
  activerecord (4.1.6) lib/active_record/connection_handling.rb:113:in `retrieve_connection'
  activerecord (4.1.6) lib/active_record/connection_handling.rb:87:in `connection'
  activerecord (4.1.6) lib/active_record/query_cache.rb:51:in `restore_query_cache_settings'
  activerecord (4.1.6) lib/active_record/query_cache.rb:43:in `rescue in call'
  activerecord (4.1.6) lib/active_record/query_cache.rb:32:in `call'
  activerecord (4.1.6) lib/active_record/connection_adapters/abstract/connection_pool.rb:621:in `call'
  activerecord (4.1.6) lib/active_record/migration.rb:380:in `call'
  actionpack (4.1.6) lib/action_dispatch/middleware/callbacks.rb:29:in `block in call'
  activesupport (4.1.6) lib/active_support/callbacks.rb:82:in `run_callbacks'
  actionpack (4.1.6) lib/action_dispatch/middleware/callbacks.rb:27:in `call'
  actionpack (4.1.6) lib/action_dispatch/middleware/reloader.rb:73:in `call'
  actionpack (4.1.6) lib/action_dispatch/middleware/remote_ip.rb:76:in `call'
  actionpack (4.1.6) lib/action_dispatch/middleware/debug_exceptions.rb:17:in `call'
  actionpack (4.1.6) lib/action_dispatch/middleware/show_exceptions.rb:30:in `call'
  railties (4.1.6) lib/rails/rack/logger.rb:38:in `call_app'
  railties (4.1.6) lib/rails/rack/logger.rb:20:in `block in call'
  activesupport (4.1.6) lib/active_support/tagged_logging.rb:68:in `block in tagged'
  activesupport (4.1.6) lib/active_support/tagged_logging.rb:26:in `tagged'
  activesupport (4.1.6) lib/active_support/tagged_logging.rb:68:in `tagged'
  railties (4.1.6) lib/rails/rack/logger.rb:20:in `call'
  actionpack (4.1.6) lib/action_dispatch/middleware/request_id.rb:21:in `call'
  rack (1.5.2) lib/rack/methodoverride.rb:21:in `call'
  rack (1.5.2) lib/rack/runtime.rb:17:in `call'
  activesupport (4.1.6) lib/active_support/cache/strategy/local_cache_middleware.rb:26:in `call'
  rack (1.5.2) lib/rack/lock.rb:17:in `call'
  actionpack (4.1.6) lib/action_dispatch/middleware/static.rb:64:in `call'
  rack (1.5.2) lib/rack/sendfile.rb:112:in `call'
  railties (4.1.6) lib/rails/engine.rb:514:in `call'
  railties (4.1.6) lib/rails/application.rb:144:in `call'
  rack (1.5.2) lib/rack/lock.rb:17:in `call'
  rack (1.5.2) lib/rack/content_length.rb:14:in `call'
  rack (1.5.2) lib/rack/handler/webrick.rb:60:in `service'
  /Users/nathanielelliott/.rvm/rubies/ruby-2.1.1/lib/ruby/2.1.0/webrick/httpserver.rb:138:in `service'
  /Users/nathanielelliott/.rvm/rubies/ruby-2.1.1/lib/ruby/2.1.0/webrick/httpserver.rb:94:in `run'
  /Users/nathanielelliott/.rvm/rubies/ruby-2.1.1/lib/ruby/2.1.0/webrick/server.rb:295:in `block in start_thread'


  Rendered /Users/nathanielelliott/.rvm/gems/ruby-2.1.1/gems/actionpack-4.1.6/lib/action_dispatch/middleware/templates/rescues/_source.erb (0.6ms)
  Rendered /Users/nathanielelliott/.rvm/gems/ruby-2.1.1/gems/actionpack-4.1.6/lib/action_dispatch/middleware/templates/rescues/_trace.html.erb (1.8ms)
  Rendered /Users/nathanielelliott/.rvm/gems/ruby-2.1.1/gems/actionpack-4.1.6/lib/action_dispatch/middleware/templates/rescues/_request_and_response.html.erb (1.1ms)
  Rendered /Users/nathanielelliott/.rvm/gems/ruby-2.1.1/gems/actionpack-4.1.6/lib/action_dispatch/middleware/templates/rescues/diagnostics.erb within rescues/layout (20.4ms)
  [1m[36m (3.4ms)[0m  [1mCREATE TABLE "schema_migrations" ("version" character varying(255) NOT NULL) [0m
  [1m[35m (1.7ms)[0m  CREATE UNIQUE INDEX  "unique_schema_migrations" ON "schema_migrations"  ("version")
  [1m[36mActiveRecord::SchemaMigration Load (0.3ms)[0m  [1mSELECT "schema_migrations".* FROM "schema_migrations"[0m


Started GET "/" for 127.0.0.1 at 2014-09-11 20:08:37 -0400
Processing by Rails::WelcomeController#index as HTML
  Rendered /Users/nathanielelliott/.rvm/gems/ruby-2.1.1/gems/railties-4.1.6/lib/rails/templates/rails/welcome/index.html.erb (1.5ms)
Completed 200 OK in 15ms (Views: 6.6ms | ActiveRecord: 0.0ms)


Started GET "/welcome" for 127.0.0.1 at 2014-09-11 20:08:41 -0400

ActionController::RoutingError (No route matches [GET] "/welcome"):
  actionpack (4.1.6) lib/action_dispatch/middleware/debug_exceptions.rb:21:in `call'
  actionpack (4.1.6) lib/action_dispatch/middleware/show_exceptions.rb:30:in `call'
  railties (4.1.6) lib/rails/rack/logger.rb:38:in `call_app'
  railties (4.1.6) lib/rails/rack/logger.rb:20:in `block in call'
  activesupport (4.1.6) lib/active_support/tagged_logging.rb:68:in `block in tagged'
  activesupport (4.1.6) lib/active_support/tagged_logging.rb:26:in `tagged'
  activesupport (4.1.6) lib/active_support/tagged_logging.rb:68:in `tagged'
  railties (4.1.6) lib/rails/rack/logger.rb:20:in `call'
  actionpack (4.1.6) lib/action_dispatch/middleware/request_id.rb:21:in `call'
  rack (1.5.2) lib/rack/methodoverride.rb:21:in `call'
  rack (1.5.2) lib/rack/runtime.rb:17:in `call'
  activesupport (4.1.6) lib/active_support/cache/strategy/local_cache_middleware.rb:26:in `call'
  rack (1.5.2) lib/rack/lock.rb:17:in `call'
  actionpack (4.1.6) lib/action_dispatch/middleware/static.rb:64:in `call'
  rack (1.5.2) lib/rack/sendfile.rb:112:in `call'
  railties (4.1.6) lib/rails/engine.rb:514:in `call'
  railties (4.1.6) lib/rails/application.rb:144:in `call'
  rack (1.5.2) lib/rack/lock.rb:17:in `call'
  rack (1.5.2) lib/rack/content_length.rb:14:in `call'
  rack (1.5.2) lib/rack/handler/webrick.rb:60:in `service'
  /Users/nathanielelliott/.rvm/rubies/ruby-2.1.1/lib/ruby/2.1.0/webrick/httpserver.rb:138:in `service'
  /Users/nathanielelliott/.rvm/rubies/ruby-2.1.1/lib/ruby/2.1.0/webrick/httpserver.rb:94:in `run'
  /Users/nathanielelliott/.rvm/rubies/ruby-2.1.1/lib/ruby/2.1.0/webrick/server.rb:295:in `block in start_thread'


  Rendered /Users/nathanielelliott/.rvm/gems/ruby-2.1.1/gems/actionpack-4.1.6/lib/action_dispatch/middleware/templates/rescues/_trace.html.erb (1.1ms)
  Rendered /Users/nathanielelliott/.rvm/gems/ruby-2.1.1/gems/actionpack-4.1.6/lib/action_dispatch/middleware/templates/routes/_route.html.erb (0.9ms)
  Rendered /Users/nathanielelliott/.rvm/gems/ruby-2.1.1/gems/actionpack-4.1.6/lib/action_dispatch/middleware/templates/routes/_table.html.erb (6.8ms)
  Rendered /Users/nathanielelliott/.rvm/gems/ruby-2.1.1/gems/actionpack-4.1.6/lib/action_dispatch/middleware/templates/rescues/routing_error.html.erb within rescues/layout (27.9ms)


Started GET "/welcome/index" for 127.0.0.1 at 2014-09-11 20:08:50 -0400
Processing by WelcomeController#index as HTML
  Rendered welcome/index.html.erb within layouts/application (0.5ms)
Completed 200 OK in 647ms (Views: 645.8ms | ActiveRecord: 0.0ms)


Started GET "/assets/jquery.js?body=1" for 127.0.0.1 at 2014-09-11 20:08:50 -0400


Started GET "/assets/application.css?body=1" for 127.0.0.1 at 2014-09-11 20:08:50 -0400


Started GET "/assets/jquery_ujs.js?body=1" for 127.0.0.1 at 2014-09-11 20:08:51 -0400


Started GET "/assets/turbolinks.js?body=1" for 127.0.0.1 at 2014-09-11 20:08:51 -0400


Started GET "/assets/welcome.js?body=1" for 127.0.0.1 at 2014-09-11 20:08:51 -0400


Started GET "/assets/welcome.css?body=1" for 127.0.0.1 at 2014-09-11 20:08:51 -0400


Started GET "/assets/application.js?body=1" for 127.0.0.1 at 2014-09-11 20:08:51 -0400


Started GET "/welcome/index" for 127.0.0.1 at 2014-09-11 20:09:56 -0400

ArgumentError (Missing :action key on routes definition, please check your routes.):
  config/routes.rb:2:in `block in <top (required)>'
  config/routes.rb:1:in `<top (required)>'


  Rendered /Users/nathanielelliott/.rvm/gems/ruby-2.1.1/gems/actionpack-4.1.6/lib/action_dispatch/middleware/templates/rescues/_source.erb (1.0ms)
  Rendered /Users/nathanielelliott/.rvm/gems/ruby-2.1.1/gems/actionpack-4.1.6/lib/action_dispatch/middleware/templates/rescues/_trace.html.erb (1.2ms)
  Rendered /Users/nathanielelliott/.rvm/gems/ruby-2.1.1/gems/actionpack-4.1.6/lib/action_dispatch/middleware/templates/rescues/_request_and_response.html.erb (1.1ms)
  Rendered /Users/nathanielelliott/.rvm/gems/ruby-2.1.1/gems/actionpack-4.1.6/lib/action_dispatch/middleware/templates/rescues/diagnostics.erb within rescues/layout (17.4ms)


Started GET "/" for 127.0.0.1 at 2014-09-11 20:09:58 -0400

ActionController::RoutingError (No route matches [GET] "/"):
  actionpack (4.1.6) lib/action_dispatch/middleware/debug_exceptions.rb:21:in `call'
  actionpack (4.1.6) lib/action_dispatch/middleware/show_exceptions.rb:30:in `call'
  railties (4.1.6) lib/rails/rack/logger.rb:38:in `call_app'
  railties (4.1.6) lib/rails/rack/logger.rb:20:in `block in call'
  activesupport (4.1.6) lib/active_support/tagged_logging.rb:68:in `block in tagged'
  activesupport (4.1.6) lib/active_support/tagged_logging.rb:26:in `tagged'
  activesupport (4.1.6) lib/active_support/tagged_logging.rb:68:in `tagged'
  railties (4.1.6) lib/rails/rack/logger.rb:20:in `call'
  actionpack (4.1.6) lib/action_dispatch/middleware/request_id.rb:21:in `call'
  rack (1.5.2) lib/rack/methodoverride.rb:21:in `call'
  rack (1.5.2) lib/rack/runtime.rb:17:in `call'
  activesupport (4.1.6) lib/active_support/cache/strategy/local_cache_middleware.rb:26:in `call'
  rack (1.5.2) lib/rack/lock.rb:17:in `call'
  actionpack (4.1.6) lib/action_dispatch/middleware/static.rb:64:in `call'
  rack (1.5.2) lib/rack/sendfile.rb:112:in `call'
  railties (4.1.6) lib/rails/engine.rb:514:in `call'
  railties (4.1.6) lib/rails/application.rb:144:in `call'
  rack (1.5.2) lib/rack/lock.rb:17:in `call'
  rack (1.5.2) lib/rack/content_length.rb:14:in `call'
  rack (1.5.2) lib/rack/handler/webrick.rb:60:in `service'
  /Users/nathanielelliott/.rvm/rubies/ruby-2.1.1/lib/ruby/2.1.0/webrick/httpserver.rb:138:in `service'
  /Users/nathanielelliott/.rvm/rubies/ruby-2.1.1/lib/ruby/2.1.0/webrick/httpserver.rb:94:in `run'
  /Users/nathanielelliott/.rvm/rubies/ruby-2.1.1/lib/ruby/2.1.0/webrick/server.rb:295:in `block in start_thread'


  Rendered /Users/nathanielelliott/.rvm/gems/ruby-2.1.1/gems/actionpack-4.1.6/lib/action_dispatch/middleware/templates/rescues/_trace.html.erb (1.4ms)
  Rendered /Users/nathanielelliott/.rvm/gems/ruby-2.1.1/gems/actionpack-4.1.6/lib/action_dispatch/middleware/templates/routes/_table.html.erb (1.6ms)
  Rendered /Users/nathanielelliott/.rvm/gems/ruby-2.1.1/gems/actionpack-4.1.6/lib/action_dispatch/middleware/templates/rescues/routing_error.html.erb within rescues/layout (13.7ms)


Started GET "/" for 127.0.0.1 at 2014-09-11 20:10:00 -0400

ActionController::RoutingError (No route matches [GET] "/"):
  actionpack (4.1.6) lib/action_dispatch/middleware/debug_exceptions.rb:21:in `call'
  actionpack (4.1.6) lib/action_dispatch/middleware/show_exceptions.rb:30:in `call'
  railties (4.1.6) lib/rails/rack/logger.rb:38:in `call_app'
  railties (4.1.6) lib/rails/rack/logger.rb:20:in `block in call'
  activesupport (4.1.6) lib/active_support/tagged_logging.rb:68:in `block in tagged'
  activesupport (4.1.6) lib/active_support/tagged_logging.rb:26:in `tagged'
  activesupport (4.1.6) lib/active_support/tagged_logging.rb:68:in `tagged'
  railties (4.1.6) lib/rails/rack/logger.rb:20:in `call'
  actionpack (4.1.6) lib/action_dispatch/middleware/request_id.rb:21:in `call'
  rack (1.5.2) lib/rack/methodoverride.rb:21:in `call'
  rack (1.5.2) lib/rack/runtime.rb:17:in `call'
  activesupport (4.1.6) lib/active_support/cache/strategy/local_cache_middleware.rb:26:in `call'
  rack (1.5.2) lib/rack/lock.rb:17:in `call'
  actionpack (4.1.6) lib/action_dispatch/middleware/static.rb:64:in `call'
  rack (1.5.2) lib/rack/sendfile.rb:112:in `call'
  railties (4.1.6) lib/rails/engine.rb:514:in `call'
  railties (4.1.6) lib/rails/application.rb:144:in `call'
  rack (1.5.2) lib/rack/lock.rb:17:in `call'
  rack (1.5.2) lib/rack/content_length.rb:14:in `call'
  rack (1.5.2) lib/rack/handler/webrick.rb:60:in `service'
  /Users/nathanielelliott/.rvm/rubies/ruby-2.1.1/lib/ruby/2.1.0/webrick/httpserver.rb:138:in `service'
  /Users/nathanielelliott/.rvm/rubies/ruby-2.1.1/lib/ruby/2.1.0/webrick/httpserver.rb:94:in `run'
  /Users/nathanielelliott/.rvm/rubies/ruby-2.1.1/lib/ruby/2.1.0/webrick/server.rb:295:in `block in start_thread'


  Rendered /Users/nathanielelliott/.rvm/gems/ruby-2.1.1/gems/actionpack-4.1.6/lib/action_dispatch/middleware/templates/rescues/_trace.html.erb (1.7ms)
  Rendered /Users/nathanielelliott/.rvm/gems/ruby-2.1.1/gems/actionpack-4.1.6/lib/action_dispatch/middleware/templates/routes/_table.html.erb (1.3ms)
  Rendered /Users/nathanielelliott/.rvm/gems/ruby-2.1.1/gems/actionpack-4.1.6/lib/action_dispatch/middleware/templates/rescues/routing_error.html.erb within rescues/layout (13.1ms)


Started GET "/" for 127.0.0.1 at 2014-09-11 20:10:10 -0400
Processing by WelcomeController#index as HTML
  Rendered welcome/index.html.erb within layouts/application (0.3ms)
Completed 200 OK in 51ms (Views: 50.5ms | ActiveRecord: 0.0ms)


Started GET "/assets/welcome.css?body=1" for 127.0.0.1 at 2014-09-11 20:10:10 -0400


Started GET "/assets/application.css?body=1" for 127.0.0.1 at 2014-09-11 20:10:10 -0400


Started GET "/assets/jquery.js?body=1" for 127.0.0.1 at 2014-09-11 20:10:10 -0400


Started GET "/assets/turbolinks.js?body=1" for 127.0.0.1 at 2014-09-11 20:10:10 -0400


Started GET "/assets/application.js?body=1" for 127.0.0.1 at 2014-09-11 20:10:10 -0400


Started GET "/assets/welcome.js?body=1" for 127.0.0.1 at 2014-09-11 20:10:10 -0400


Started GET "/assets/jquery_ujs.js?body=1" for 127.0.0.1 at 2014-09-11 20:10:10 -0400
  [1m[36m (3.7ms)[0m  [1mCREATE TABLE "schema_migrations" ("version" character varying(255) NOT NULL) [0m
  [1m[35m (1.8ms)[0m  CREATE UNIQUE INDEX  "unique_schema_migrations" ON "schema_migrations"  ("version")
  [1m[36mActiveRecord::SchemaMigration Load (0.3ms)[0m  [1mSELECT "schema_migrations".* FROM "schema_migrations"[0m
Migrating to CreateExcuses (20140912021250)
  [1m[35m (0.2ms)[0m  BEGIN
  [1m[36m (3.5ms)[0m  [1mCREATE TABLE "excuses" ("id" serial primary key, "desc" character varying(255), "created_at" timestamp, "updated_at" timestamp) [0m
  [1m[35mSQL (0.7ms)[0m  INSERT INTO "schema_migrations" ("version") VALUES ($1)  [["version", "20140912021250"]]
  [1m[36m (0.5ms)[0m  [1mCOMMIT[0m
  [1m[35mActiveRecord::SchemaMigration Load (0.5ms)[0m  SELECT "schema_migrations".* FROM "schema_migrations"


Started GET "/" for 127.0.0.1 at 2014-09-11 22:14:46 -0400
  [1m[36mActiveRecord::SchemaMigration Load (0.4ms)[0m  [1mSELECT "schema_migrations".* FROM "schema_migrations"[0m
Processing by WelcomeController#index as HTML
  Rendered welcome/index.html.erb within layouts/application (1.2ms)
Completed 200 OK in 272ms (Views: 261.4ms | ActiveRecord: 0.0ms)


Started GET "/assets/scaffolds.css?body=1" for 127.0.0.1 at 2014-09-11 22:14:47 -0400


Started GET "/assets/excuses.js?body=1" for 127.0.0.1 at 2014-09-11 22:14:47 -0400


Started GET "/assets/application.css?body=1" for 127.0.0.1 at 2014-09-11 22:14:47 -0400


Started GET "/assets/excuses.css?body=1" for 127.0.0.1 at 2014-09-11 22:14:47 -0400


Started GET "/assets/jquery.js?body=1" for 127.0.0.1 at 2014-09-11 22:14:47 -0400


Started GET "/assets/welcome.css?body=1" for 127.0.0.1 at 2014-09-11 22:14:47 -0400


Started GET "/assets/jquery_ujs.js?body=1" for 127.0.0.1 at 2014-09-11 22:14:47 -0400


Started GET "/assets/turbolinks.js?body=1" for 127.0.0.1 at 2014-09-11 22:14:47 -0400


Started GET "/assets/welcome.js?body=1" for 127.0.0.1 at 2014-09-11 22:14:47 -0400


Started GET "/assets/application.js?body=1" for 127.0.0.1 at 2014-09-11 22:14:47 -0400


Started GET "/excuse" for 127.0.0.1 at 2014-09-11 22:14:54 -0400

ActionController::RoutingError (No route matches [GET] "/excuse"):
  actionpack (4.1.6) lib/action_dispatch/middleware/debug_exceptions.rb:21:in `call'
  actionpack (4.1.6) lib/action_dispatch/middleware/show_exceptions.rb:30:in `call'
  railties (4.1.6) lib/rails/rack/logger.rb:38:in `call_app'
  railties (4.1.6) lib/rails/rack/logger.rb:20:in `block in call'
  activesupport (4.1.6) lib/active_support/tagged_logging.rb:68:in `block in tagged'
  activesupport (4.1.6) lib/active_support/tagged_logging.rb:26:in `tagged'
  activesupport (4.1.6) lib/active_support/tagged_logging.rb:68:in `tagged'
  railties (4.1.6) lib/rails/rack/logger.rb:20:in `call'
  actionpack (4.1.6) lib/action_dispatch/middleware/request_id.rb:21:in `call'
  rack (1.5.2) lib/rack/methodoverride.rb:21:in `call'
  rack (1.5.2) lib/rack/runtime.rb:17:in `call'
  activesupport (4.1.6) lib/active_support/cache/strategy/local_cache_middleware.rb:26:in `call'
  rack (1.5.2) lib/rack/lock.rb:17:in `call'
  actionpack (4.1.6) lib/action_dispatch/middleware/static.rb:64:in `call'
  rack (1.5.2) lib/rack/sendfile.rb:112:in `call'
  railties (4.1.6) lib/rails/engine.rb:514:in `call'
  railties (4.1.6) lib/rails/application.rb:144:in `call'
  rack (1.5.2) lib/rack/lock.rb:17:in `call'
  rack (1.5.2) lib/rack/content_length.rb:14:in `call'
  rack (1.5.2) lib/rack/handler/webrick.rb:60:in `service'
  /Users/nathanielelliott/.rvm/rubies/ruby-2.1.1/lib/ruby/2.1.0/webrick/httpserver.rb:138:in `service'
  /Users/nathanielelliott/.rvm/rubies/ruby-2.1.1/lib/ruby/2.1.0/webrick/httpserver.rb:94:in `run'
  /Users/nathanielelliott/.rvm/rubies/ruby-2.1.1/lib/ruby/2.1.0/webrick/server.rb:295:in `block in start_thread'


  Rendered /Users/nathanielelliott/.rvm/gems/ruby-2.1.1/gems/actionpack-4.1.6/lib/action_dispatch/middleware/templates/rescues/_trace.html.erb (1.3ms)
  Rendered /Users/nathanielelliott/.rvm/gems/ruby-2.1.1/gems/actionpack-4.1.6/lib/action_dispatch/middleware/templates/routes/_route.html.erb (1.5ms)
  Rendered /Users/nathanielelliott/.rvm/gems/ruby-2.1.1/gems/actionpack-4.1.6/lib/action_dispatch/middleware/templates/routes/_table.html.erb (6.2ms)
  Rendered /Users/nathanielelliott/.rvm/gems/ruby-2.1.1/gems/actionpack-4.1.6/lib/action_dispatch/middleware/templates/rescues/routing_error.html.erb within rescues/layout (29.0ms)


Started GET "/excuses" for 127.0.0.1 at 2014-09-11 22:15:00 -0400
Processing by ExcusesController#index as HTML
  [1m[35mExcuse Load (0.7ms)[0m  SELECT "excuses".* FROM "excuses"
  Rendered excuses/index.html.erb within layouts/application (2.3ms)
Completed 200 OK in 56ms (Views: 52.8ms | ActiveRecord: 0.7ms)


Started GET "/assets/excuses.css?body=1" for 127.0.0.1 at 2014-09-11 22:15:00 -0400


Started GET "/assets/jquery.js?body=1" for 127.0.0.1 at 2014-09-11 22:15:00 -0400


Started GET "/assets/welcome.css?body=1" for 127.0.0.1 at 2014-09-11 22:15:00 -0400


Started GET "/assets/application.css?body=1" for 127.0.0.1 at 2014-09-11 22:15:00 -0400


Started GET "/assets/scaffolds.css?body=1" for 127.0.0.1 at 2014-09-11 22:15:00 -0400


Started GET "/assets/jquery_ujs.js?body=1" for 127.0.0.1 at 2014-09-11 22:15:00 -0400


Started GET "/assets/turbolinks.js?body=1" for 127.0.0.1 at 2014-09-11 22:15:00 -0400


Started GET "/assets/excuses.js?body=1" for 127.0.0.1 at 2014-09-11 22:15:00 -0400


Started GET "/assets/welcome.js?body=1" for 127.0.0.1 at 2014-09-11 22:15:00 -0400


Started GET "/assets/application.js?body=1" for 127.0.0.1 at 2014-09-11 22:15:00 -0400


Started GET "/excuses/new" for 127.0.0.1 at 2014-09-11 22:15:12 -0400
Processing by ExcusesController#new as HTML
  Rendered excuses/_form.html.erb (12.1ms)
  Rendered excuses/new.html.erb within layouts/application (13.8ms)
Completed 200 OK in 68ms (Views: 63.6ms | ActiveRecord: 2.3ms)


Started POST "/excuses" for 127.0.0.1 at 2014-09-11 22:15:27 -0400
Processing by ExcusesController#create as HTML
  Parameters: {"utf8"=>"✓", "authenticity_token"=>"D0Hsjdm5LpxCdIgF8biDJSI6gV7YSyVHBPJvi8vqecQ=", "excuse"=>{"desc"=>"My dog ate my homework!"}, "commit"=>"Create Excuse"}
  [1m[36m (0.3ms)[0m  [1mBEGIN[0m
  [1m[35mSQL (1.0ms)[0m  INSERT INTO "excuses" ("created_at", "desc", "updated_at") VALUES ($1, $2, $3) RETURNING "id"  [["created_at", "2014-09-12 02:15:27.567284"], ["desc", "My dog ate my homework!"], ["updated_at", "2014-09-12 02:15:27.567284"]]
  [1m[36m (0.6ms)[0m  [1mCOMMIT[0m
Redirected to http://localhost:3000/excuses/1
Completed 302 Found in 12ms (ActiveRecord: 2.3ms)


Started GET "/excuses/1" for 127.0.0.1 at 2014-09-11 22:15:27 -0400
Processing by ExcusesController#show as HTML
  Parameters: {"id"=>"1"}
  [1m[35mExcuse Load (0.4ms)[0m  SELECT  "excuses".* FROM "excuses"  WHERE "excuses"."id" = $1 LIMIT 1  [["id", 1]]
  Rendered excuses/show.html.erb within layouts/application (1.1ms)
Completed 200 OK in 65ms (Views: 60.5ms | ActiveRecord: 0.4ms)


Started GET "/assets/excuses.css?body=1" for 127.0.0.1 at 2014-09-11 22:15:27 -0400


Started GET "/assets/scaffolds.css?body=1" for 127.0.0.1 at 2014-09-11 22:15:27 -0400


Started GET "/assets/application.css?body=1" for 127.0.0.1 at 2014-09-11 22:15:27 -0400


Started GET "/assets/jquery_ujs.js?body=1" for 127.0.0.1 at 2014-09-11 22:15:27 -0400


Started GET "/assets/jquery.js?body=1" for 127.0.0.1 at 2014-09-11 22:15:27 -0400


Started GET "/assets/welcome.css?body=1" for 127.0.0.1 at 2014-09-11 22:15:27 -0400


Started GET "/assets/turbolinks.js?body=1" for 127.0.0.1 at 2014-09-11 22:15:27 -0400


Started GET "/assets/excuses.js?body=1" for 127.0.0.1 at 2014-09-11 22:15:27 -0400


Started GET "/assets/welcome.js?body=1" for 127.0.0.1 at 2014-09-11 22:15:27 -0400


Started GET "/assets/application.js?body=1" for 127.0.0.1 at 2014-09-11 22:15:27 -0400


Started GET "/excuses/1.json" for 127.0.0.1 at 2014-09-11 22:15:33 -0400
Processing by ExcusesController#show as JSON
  Parameters: {"id"=>"1"}
  [1m[36mExcuse Load (0.6ms)[0m  [1mSELECT  "excuses".* FROM "excuses"  WHERE "excuses"."id" = $1 LIMIT 1[0m  [["id", 1]]
  Rendered excuses/show.json.jbuilder (5.1ms)
Completed 200 OK in 12ms (Views: 8.7ms | ActiveRecord: 0.6ms)


Started GET "/excuses" for 127.0.0.1 at 2014-09-11 22:16:40 -0400
Processing by ExcusesController#index as HTML
  [1m[35mExcuse Load (0.5ms)[0m  SELECT "excuses".* FROM "excuses"
  Rendered excuses/index.html.erb within layouts/application (3.0ms)
Completed 200 OK in 79ms (Views: 77.8ms | ActiveRecord: 0.5ms)


Started GET "/excuses/new" for 127.0.0.1 at 2014-09-11 22:16:43 -0400
Processing by ExcusesController#new as HTML
  Rendered excuses/_form.html.erb (1.8ms)
  Rendered excuses/new.html.erb within layouts/application (2.8ms)
Completed 200 OK in 57ms (Views: 55.9ms | ActiveRecord: 0.0ms)


Started POST "/excuses" for 127.0.0.1 at 2014-09-11 22:16:47 -0400
Processing by ExcusesController#create as HTML
  Parameters: {"utf8"=>"✓", "authenticity_token"=>"D0Hsjdm5LpxCdIgF8biDJSI6gV7YSyVHBPJvi8vqecQ=", "excuse"=>{"desc"=>"luke is a pimp"}, "commit"=>"Create Excuse"}
  [1m[36m (0.2ms)[0m  [1mBEGIN[0m
  [1m[35mSQL (0.4ms)[0m  INSERT INTO "excuses" ("created_at", "desc", "updated_at") VALUES ($1, $2, $3) RETURNING "id"  [["created_at", "2014-09-12 02:16:47.540514"], ["desc", "luke is a pimp"], ["updated_at", "2014-09-12 02:16:47.540514"]]
  [1m[36m (0.5ms)[0m  [1mCOMMIT[0m
Redirected to http://localhost:3000/excuses/2
Completed 302 Found in 5ms (ActiveRecord: 1.2ms)


Started GET "/excuses/2" for 127.0.0.1 at 2014-09-11 22:16:47 -0400
Processing by ExcusesController#show as HTML
  Parameters: {"id"=>"2"}
  [1m[35mExcuse Load (0.6ms)[0m  SELECT  "excuses".* FROM "excuses"  WHERE "excuses"."id" = $1 LIMIT 1  [["id", 2]]
  Rendered excuses/show.html.erb within layouts/application (0.5ms)
Completed 200 OK in 95ms (Views: 92.5ms | ActiveRecord: 0.6ms)


Started GET "/assets/excuses.css?body=1" for 127.0.0.1 at 2014-09-11 22:16:47 -0400


Started GET "/assets/scaffolds.css?body=1" for 127.0.0.1 at 2014-09-11 22:16:47 -0400


Started GET "/assets/welcome.css?body=1" for 127.0.0.1 at 2014-09-11 22:16:47 -0400


Started GET "/assets/application.css?body=1" for 127.0.0.1 at 2014-09-11 22:16:47 -0400


Started GET "/assets/jquery.js?body=1" for 127.0.0.1 at 2014-09-11 22:16:47 -0400


Started GET "/assets/turbolinks.js?body=1" for 127.0.0.1 at 2014-09-11 22:16:47 -0400


Started GET "/assets/jquery_ujs.js?body=1" for 127.0.0.1 at 2014-09-11 22:16:47 -0400


Started GET "/assets/excuses.js?body=1" for 127.0.0.1 at 2014-09-11 22:16:47 -0400


Started GET "/assets/welcome.js?body=1" for 127.0.0.1 at 2014-09-11 22:16:47 -0400


Started GET "/assets/application.js?body=1" for 127.0.0.1 at 2014-09-11 22:16:47 -0400


Started GET "/excuses/2.json" for 127.0.0.1 at 2014-09-11 22:16:51 -0400
Processing by ExcusesController#show as JSON
  Parameters: {"id"=>"2"}
  [1m[36mExcuse Load (0.6ms)[0m  [1mSELECT  "excuses".* FROM "excuses"  WHERE "excuses"."id" = $1 LIMIT 1[0m  [["id", 2]]
  Rendered excuses/show.json.jbuilder (0.5ms)
Completed 200 OK in 6ms (Views: 3.4ms | ActiveRecord: 0.6ms)


Started GET "/excuses/" for 127.0.0.1 at 2014-09-11 22:18:32 -0400
Processing by ExcusesController#index as HTML
  [1m[35mExcuse Load (0.6ms)[0m  SELECT "excuses".* FROM "excuses"
  Rendered excuses/index.html.erb within layouts/application (2.9ms)
Completed 200 OK in 66ms (Views: 64.4ms | ActiveRecord: 0.6ms)


Started GET "/assets/scaffolds.css?body=1" for 127.0.0.1 at 2014-09-11 22:18:32 -0400


Started GET "/assets/welcome.css?body=1" for 127.0.0.1 at 2014-09-11 22:18:32 -0400


Started GET "/assets/application.css?body=1" for 127.0.0.1 at 2014-09-11 22:18:32 -0400


Started GET "/assets/jquery.js?body=1" for 127.0.0.1 at 2014-09-11 22:18:32 -0400


Started GET "/assets/excuses.css?body=1" for 127.0.0.1 at 2014-09-11 22:18:32 -0400


Started GET "/assets/jquery_ujs.js?body=1" for 127.0.0.1 at 2014-09-11 22:18:32 -0400


Started GET "/assets/turbolinks.js?body=1" for 127.0.0.1 at 2014-09-11 22:18:32 -0400


Started GET "/assets/excuses.js?body=1" for 127.0.0.1 at 2014-09-11 22:18:32 -0400


Started GET "/assets/welcome.js?body=1" for 127.0.0.1 at 2014-09-11 22:18:32 -0400


Started GET "/assets/application.js?body=1" for 127.0.0.1 at 2014-09-11 22:18:32 -0400


Started GET "/excuses/" for 127.0.0.1 at 2014-09-11 22:19:26 -0400
Processing by ExcusesController#index as HTML
  [1m[36mExcuse Load (0.5ms)[0m  [1mSELECT  "excuses".* FROM "excuses"  LIMIT 1[0m
  Rendered excuses/index.html.erb within layouts/application (7.3ms)
Completed 200 OK in 84ms (Views: 79.5ms | ActiveRecord: 2.3ms)


Started GET "/assets/scaffolds.css?body=1" for 127.0.0.1 at 2014-09-11 22:19:26 -0400


Started GET "/assets/welcome.css?body=1" for 127.0.0.1 at 2014-09-11 22:19:26 -0400


Started GET "/assets/application.css?body=1" for 127.0.0.1 at 2014-09-11 22:19:26 -0400


Started GET "/assets/jquery_ujs.js?body=1" for 127.0.0.1 at 2014-09-11 22:19:26 -0400


Started GET "/assets/jquery.js?body=1" for 127.0.0.1 at 2014-09-11 22:19:26 -0400


Started GET "/assets/turbolinks.js?body=1" for 127.0.0.1 at 2014-09-11 22:19:26 -0400


Started GET "/assets/excuses.css?body=1" for 127.0.0.1 at 2014-09-11 22:19:26 -0400


Started GET "/assets/excuses.js?body=1" for 127.0.0.1 at 2014-09-11 22:19:26 -0400


Started GET "/assets/welcome.js?body=1" for 127.0.0.1 at 2014-09-11 22:19:26 -0400


Started GET "/assets/application.js?body=1" for 127.0.0.1 at 2014-09-11 22:19:26 -0400


Started GET "/excuses/" for 127.0.0.1 at 2014-09-11 22:19:47 -0400
Processing by ExcusesController#index as HTML
Completed 500 Internal Server Error in 5ms

NameError (undefined local variable or method `desc' for #<ExcusesController:0x0000010705aa70>):
  app/controllers/excuses_controller.rb:7:in `index'


  Rendered /Users/nathanielelliott/.rvm/gems/ruby-2.1.1/gems/actionpack-4.1.6/lib/action_dispatch/middleware/templates/rescues/_source.erb (0.8ms)
  Rendered /Users/nathanielelliott/.rvm/gems/ruby-2.1.1/gems/actionpack-4.1.6/lib/action_dispatch/middleware/templates/rescues/_trace.html.erb (1.1ms)
  Rendered /Users/nathanielelliott/.rvm/gems/ruby-2.1.1/gems/actionpack-4.1.6/lib/action_dispatch/middleware/templates/rescues/_request_and_response.html.erb (1.2ms)
  Rendered /Users/nathanielelliott/.rvm/gems/ruby-2.1.1/gems/actionpack-4.1.6/lib/action_dispatch/middleware/templates/rescues/diagnostics.erb within rescues/layout (20.8ms)


Started GET "/excuses/" for 127.0.0.1 at 2014-09-11 22:20:34 -0400
Processing by ExcusesController#index as HTML
  [1m[35mExcuse Load (0.9ms)[0m  SELECT  "excuses".* FROM "excuses"   ORDER BY created_at DESC LIMIT 1
  Rendered excuses/index.html.erb within layouts/application (7.2ms)
Completed 200 OK in 54ms (Views: 49.1ms | ActiveRecord: 2.8ms)


Started GET "/assets/excuses.css?body=1" for 127.0.0.1 at 2014-09-11 22:20:34 -0400


Started GET "/assets/application.css?body=1" for 127.0.0.1 at 2014-09-11 22:20:34 -0400


Started GET "/assets/welcome.css?body=1" for 127.0.0.1 at 2014-09-11 22:20:34 -0400


Started GET "/assets/scaffolds.css?body=1" for 127.0.0.1 at 2014-09-11 22:20:34 -0400


Started GET "/assets/jquery.js?body=1" for 127.0.0.1 at 2014-09-11 22:20:34 -0400


Started GET "/assets/jquery_ujs.js?body=1" for 127.0.0.1 at 2014-09-11 22:20:34 -0400


Started GET "/assets/turbolinks.js?body=1" for 127.0.0.1 at 2014-09-11 22:20:34 -0400


Started GET "/assets/excuses.js?body=1" for 127.0.0.1 at 2014-09-11 22:20:34 -0400


Started GET "/assets/welcome.js?body=1" for 127.0.0.1 at 2014-09-11 22:20:34 -0400


Started GET "/assets/application.js?body=1" for 127.0.0.1 at 2014-09-11 22:20:34 -0400


Started GET "/excuses/" for 127.0.0.1 at 2014-09-11 22:20:40 -0400
Processing by ExcusesController#index as HTML
  [1m[36mExcuse Load (0.9ms)[0m  [1mSELECT "excuses".* FROM "excuses"[0m
  Rendered excuses/index.html.erb within layouts/application (9.4ms)
Completed 200 OK in 123ms (Views: 107.9ms | ActiveRecord: 3.2ms)


Started GET "/assets/excuses.css?body=1" for 127.0.0.1 at 2014-09-11 22:20:40 -0400


Started GET "/assets/scaffolds.css?body=1" for 127.0.0.1 at 2014-09-11 22:20:40 -0400


Started GET "/assets/jquery_ujs.js?body=1" for 127.0.0.1 at 2014-09-11 22:20:40 -0400


Started GET "/assets/jquery.js?body=1" for 127.0.0.1 at 2014-09-11 22:20:40 -0400


Started GET "/assets/welcome.css?body=1" for 127.0.0.1 at 2014-09-11 22:20:40 -0400


Started GET "/assets/application.css?body=1" for 127.0.0.1 at 2014-09-11 22:20:40 -0400


Started GET "/assets/turbolinks.js?body=1" for 127.0.0.1 at 2014-09-11 22:20:40 -0400


Started GET "/assets/excuses.js?body=1" for 127.0.0.1 at 2014-09-11 22:20:40 -0400


Started GET "/assets/welcome.js?body=1" for 127.0.0.1 at 2014-09-11 22:20:40 -0400


Started GET "/assets/application.js?body=1" for 127.0.0.1 at 2014-09-11 22:20:40 -0400


Started GET "/excuses.json" for 127.0.0.1 at 2014-09-11 22:20:44 -0400
Processing by ExcusesController#index as JSON
  [1m[35mExcuse Load (0.6ms)[0m  SELECT "excuses".* FROM "excuses"
  Rendered excuses/index.json.jbuilder (3.0ms)
Completed 200 OK in 9ms (Views: 6.5ms | ActiveRecord: 0.6ms)


Started GET "/excuses/1" for 127.0.0.1 at 2014-09-11 22:23:27 -0400
Processing by ExcusesController#show as HTML
  Parameters: {"id"=>"1"}
  [1m[36mExcuse Load (0.4ms)[0m  [1mSELECT  "excuses".* FROM "excuses"  WHERE "excuses"."id" = $1 LIMIT 1[0m  [["id", 1]]
  Rendered excuses/show.html.erb within layouts/application (1.3ms)
Completed 200 OK in 61ms (Views: 59.4ms | ActiveRecord: 0.4ms)


Started GET "/excuses/1" for 127.0.0.1 at 2014-09-11 22:23:36 -0400
Processing by ExcusesController#show as HTML
  Parameters: {"id"=>"1"}
  [1m[35mExcuse Load (0.3ms)[0m  SELECT  "excuses".* FROM "excuses"  WHERE "excuses"."id" = $1 LIMIT 1  [["id", 1]]
  Rendered excuses/show.html.erb within layouts/application (1.0ms)
Completed 200 OK in 72ms (Views: 64.4ms | ActiveRecord: 2.1ms)


Started GET "/assets/excuses.css?body=1" for 127.0.0.1 at 2014-09-11 22:23:36 -0400


Started GET "/assets/jquery.js?body=1" for 127.0.0.1 at 2014-09-11 22:23:36 -0400


Started GET "/assets/scaffolds.css?body=1" for 127.0.0.1 at 2014-09-11 22:23:36 -0400


Started GET "/assets/application.css?body=1" for 127.0.0.1 at 2014-09-11 22:23:36 -0400


Started GET "/assets/welcome.css?body=1" for 127.0.0.1 at 2014-09-11 22:23:36 -0400


Started GET "/assets/jquery_ujs.js?body=1" for 127.0.0.1 at 2014-09-11 22:23:36 -0400


Started GET "/assets/turbolinks.js?body=1" for 127.0.0.1 at 2014-09-11 22:23:36 -0400


Started GET "/assets/excuses.js?body=1" for 127.0.0.1 at 2014-09-11 22:23:36 -0400


Started GET "/assets/welcome.js?body=1" for 127.0.0.1 at 2014-09-11 22:23:36 -0400


Started GET "/assets/application.js?body=1" for 127.0.0.1 at 2014-09-11 22:23:36 -0400


Started GET "/excuses/1" for 127.0.0.1 at 2014-09-11 22:23:37 -0400
Processing by ExcusesController#show as HTML
  Parameters: {"id"=>"1"}
  [1m[36mExcuse Load (0.4ms)[0m  [1mSELECT  "excuses".* FROM "excuses"  WHERE "excuses"."id" = $1 LIMIT 1[0m  [["id", 1]]
  Rendered excuses/show.html.erb within layouts/application (0.6ms)
Completed 200 OK in 56ms (Views: 53.1ms | ActiveRecord: 0.4ms)


Started GET "/assets/scaffolds.css?body=1" for 127.0.0.1 at 2014-09-11 22:23:37 -0400


Started GET "/assets/excuses.css?body=1" for 127.0.0.1 at 2014-09-11 22:23:37 -0400


Started GET "/assets/jquery_ujs.js?body=1" for 127.0.0.1 at 2014-09-11 22:23:37 -0400


Started GET "/assets/welcome.css?body=1" for 127.0.0.1 at 2014-09-11 22:23:37 -0400


Started GET "/assets/jquery.js?body=1" for 127.0.0.1 at 2014-09-11 22:23:37 -0400


Started GET "/assets/application.css?body=1" for 127.0.0.1 at 2014-09-11 22:23:37 -0400


Started GET "/assets/turbolinks.js?body=1" for 127.0.0.1 at 2014-09-11 22:23:37 -0400


Started GET "/assets/excuses.js?body=1" for 127.0.0.1 at 2014-09-11 22:23:37 -0400


Started GET "/assets/welcome.js?body=1" for 127.0.0.1 at 2014-09-11 22:23:37 -0400


Started GET "/assets/application.js?body=1" for 127.0.0.1 at 2014-09-11 22:23:37 -0400


Started GET "/excuses/" for 127.0.0.1 at 2014-09-11 22:23:38 -0400
Processing by ExcusesController#index as HTML
  [1m[35mExcuse Load (0.5ms)[0m  SELECT "excuses".* FROM "excuses"
  Rendered excuses/index.html.erb within layouts/application (3.5ms)
Completed 200 OK in 86ms (Views: 84.1ms | ActiveRecord: 0.5ms)


Started GET "/excuses/1" for 127.0.0.1 at 2014-09-11 22:23:39 -0400
Processing by ExcusesController#show as HTML
  Parameters: {"id"=>"1"}
  [1m[36mExcuse Load (0.4ms)[0m  [1mSELECT  "excuses".* FROM "excuses"  WHERE "excuses"."id" = $1 LIMIT 1[0m  [["id", 1]]
  Rendered excuses/show.html.erb within layouts/application (0.7ms)
Completed 200 OK in 94ms (Views: 91.2ms | ActiveRecord: 0.4ms)


Started GET "/excuses/1" for 127.0.0.1 at 2014-09-11 22:23:45 -0400
Processing by ExcusesController#show as HTML
  Parameters: {"id"=>"1"}
  [1m[35mExcuse Load (0.5ms)[0m  SELECT  "excuses".* FROM "excuses"  WHERE "excuses"."id" = $1 LIMIT 1  [["id", 1]]
  Rendered excuses/show.html.erb within layouts/application (0.9ms)
Completed 200 OK in 93ms (Views: 81.3ms | ActiveRecord: 3.2ms)


Started GET "/assets/excuses.css?body=1" for 127.0.0.1 at 2014-09-11 22:23:45 -0400


Started GET "/assets/scaffolds.css?body=1" for 127.0.0.1 at 2014-09-11 22:23:45 -0400


Started GET "/assets/jquery.js?body=1" for 127.0.0.1 at 2014-09-11 22:23:45 -0400


Started GET "/assets/welcome.css?body=1" for 127.0.0.1 at 2014-09-11 22:23:45 -0400


Started GET "/assets/jquery_ujs.js?body=1" for 127.0.0.1 at 2014-09-11 22:23:45 -0400


Started GET "/assets/application.css?body=1" for 127.0.0.1 at 2014-09-11 22:23:45 -0400


Started GET "/assets/turbolinks.js?body=1" for 127.0.0.1 at 2014-09-11 22:23:45 -0400


Started GET "/assets/excuses.js?body=1" for 127.0.0.1 at 2014-09-11 22:23:45 -0400


Started GET "/assets/welcome.js?body=1" for 127.0.0.1 at 2014-09-11 22:23:45 -0400


Started GET "/assets/application.js?body=1" for 127.0.0.1 at 2014-09-11 22:23:45 -0400
